<?xml version="1.0" encoding="UTF-8"?>
<!-- Generated by org.testng.reporters.JUnitXMLReporter -->
<testsuite ignored="0" hostname="Pankajs-MacBook-Air-2.local" failures="0" tests="3" name="Default test" time="9.433" errors="0" timestamp="2026-06-09T19:30:57 IST">
  <testcase classname="tests.SauceDemoTest" name="validLoginTest" time="0.38"/>
  <testcase classname="tests.SauceDemoTest" name="addProductToCartTest" time="0.336"/>
  <testcase classname="tests.SauceDemoTest" name="completeCheckoutTest" time="0.525"/>
</testsuite> <!-- Default test -->
