<?xml version="1.0" encoding="UTF-8"?>
<!-- Generated by org.testng.reporters.JUnitXMLReporter -->
<testsuite ignored="0" hostname="Pankajs-MacBook-Air-2.local" failures="0" tests="3" name="Default test" time="11.222" errors="0" timestamp="2026-06-09T19:11:53 IST">
  <testcase classname="tests.SauceDemoTest" name="validLoginTest" time="0.302"/>
  <testcase classname="tests.SauceDemoTest" name="addProductToCartTest" time="0.326"/>
  <testcase classname="tests.SauceDemoTest" name="completeCheckoutTest" time="2.272"/>
</testsuite> <!-- Default test -->
