<?xml version="1.0" encoding="UTF-8"?>
<!-- Generated by org.testng.reporters.JUnitXMLReporter -->
<testsuite ignored="4" hostname="Pankajs-MacBook-Air-2.local" failures="0" tests="3" name="SmokeTests" time="78.341" errors="0" timestamp="2026-05-21T18:17:43 IST">
  <testcase classname="Testing_practice.Smoke_Regression" name="login" time="23.49"/>
  <testcase classname="Testing_practice.Smoke_Regression" name="multiple_search" time="32.092"/>
  <testcase classname="Testing_practice.Smoke_Regression" name="add_to_cart" time="12.723"/>
  <testcase classname="Testing_practice.Smoke_Regression" name="change_Address" time="0.0">
    <ignored/>
  </testcase> <!-- change_Address -->
  <testcase classname="Testing_practice.Smoke_Regression" name="removeItem" time="0.0">
    <ignored/>
  </testcase> <!-- removeItem -->
  <testcase classname="Testing_practice.Smoke_Regression" name="Change_name" time="0.0">
    <ignored/>
  </testcase> <!-- Change_name -->
  <testcase classname="Testing_practice.Smoke_Regression" name="view_product_details" time="0.0">
    <ignored/>
  </testcase> <!-- view_product_details -->
</testsuite> <!-- SmokeTests -->
