<?xml version="1.0" encoding="UTF-8"?>
<!-- Generated by org.testng.reporters.JUnitXMLReporter -->
<testsuite ignored="0" hostname="Pankajs-MacBook-Air-2.local" failures="0" tests="4" name="Default test" time="34.99" errors="0" timestamp="2026-06-12T13:53:46 IST">
  <testcase classname="test.ParabankTest2" name="completeBankingFlowTest" time="2.513"/>
  <testcase classname="test.ParabankTest2" name="completeBankingFlowTest" time="8.893"/>
  <testcase classname="test.ParabankTest2" name="completeBankingFlowTest" time="7.31"/>
  <testcase classname="test.ParabankTest2" name="invalidLoginTest" time="0.97"/>
</testsuite> <!-- Default test -->
