<?xml version="1.0" encoding="UTF-8"?>
<testng-results ignored="0" total="0" passed="0" failed="0" skipped="0">
  <reporter-output>
  </reporter-output>
  <suite started-at="2026-05-29T03:09:03 IST" name="PHPTravels Suite" finished-at="2026-05-29T03:09:03 IST" duration-ms="4">
    <groups>
    </groups>
    <test started-at="2026-05-29T03:09:03 IST" name="PHPTravels Test" finished-at="2026-05-29T03:09:03 IST" duration-ms="4">
    </test> <!-- PHPTravels Test -->
  </suite> <!-- PHPTravels Suite -->
</testng-results>
