<?xml version="1.0" encoding="UTF-8"?>
<!-- Generated by org.testng.reporters.JUnitReportReporter -->
<testsuite hostname="Pankajs-MacBook-Air-2.local" failures="0" tests="3" name="tests.SauceDemoTest" time="9.412" errors="0" timestamp="2026-06-09T19:30:58 IST" skipped="0">
  <testcase classname="tests.SauceDemoTest" name="validLoginTest" time="2.313"/>
  <testcase classname="tests.SauceDemoTest" name="addProductToCartTest" time="4.165"/>
  <testcase classname="tests.SauceDemoTest" name="completeCheckoutTest" time="2.934"/>
</testsuite> <!-- tests.SauceDemoTest -->
