<?xml version="1.0" encoding="UTF-8"?>
<!-- Generated by org.testng.reporters.JUnitReportReporter -->
<testsuite hostname="Pankajs-MacBook-Air-2.local" failures="0" tests="3" name="tests.SauceDemoTest" time="11.196" errors="0" timestamp="2026-06-09T19:11:53 IST" skipped="0">
  <testcase classname="tests.SauceDemoTest" name="validLoginTest" time="3.291"/>
  <testcase classname="tests.SauceDemoTest" name="addProductToCartTest" time="4.253"/>
  <testcase classname="tests.SauceDemoTest" name="completeCheckoutTest" time="3.652"/>
</testsuite> <!-- tests.SauceDemoTest -->
