<?xml version="1.0" encoding="UTF-8"?>
<!-- Generated by org.testng.reporters.JUnitXMLReporter -->
<testsuite ignored="0" hostname="Pankajs-MacBook-Air-2.local" failures="1" tests="17" name="Test" time="48.091" errors="0" timestamp="2026-05-23T01:02:49 IST">
  <testcase classname="Assignment.OpenCartTest" name="registrationTest" time="12.345"/>
  <testcase classname="Assignment.OpenCartTest" name="loginTest" time="5.701"/>
  <testcase classname="Assignment.OpenCartTest" name="searchProductTest" time="0.559"/>
  <testcase classname="Assignment.OpenCartTest" name="searchProductTest" time="0.604"/>
  <testcase classname="Assignment.OpenCartTest" name="searchProductTest" time="0.554"/>
  <testcase classname="Assignment.OpenCartTest" name="searchProductTest" time="0.595"/>
  <testcase classname="Assignment.OpenCartTest" name="searchProductTest" time="0.562"/>
  <testcase classname="Assignment.OpenCartTest" name="searchProductTest" time="0.56"/>
  <testcase classname="Assignment.OpenCartTest" name="searchProductTest" time="0.589"/>
  <testcase classname="Assignment.OpenCartTest" name="searchProductTest" time="0.575"/>
  <testcase classname="Assignment.OpenCartTest" name="searchProductTest" time="0.542"/>
  <testcase classname="Assignment.OpenCartTest" name="searchProductTest" time="0.568"/>
  <testcase classname="Assignment.OpenCartTest" name="addToCartTest" time="3.932"/>
  <testcase classname="Assignment.OpenCartTest" name="removeProductTest" time="8.473"/>
  <testcase classname="Assignment.OpenCartTest" name="checkoutTest" time="9.173">
    <failure type="java.lang.AssertionError" message="Checkout page not opened expected [true] but found [false]">
      <![CDATA[java.lang.AssertionError: Checkout page not opened expected [true] but found [false]
at Assignment.OpenCartTest.checkoutTest(OpenCartTest.java:129)
at java.base/java.util.ArrayList.forEach(ArrayList.java:1596)
... Removed 28 stack frames]]>
    </failure>
  </testcase> <!-- checkoutTest -->
  <testcase classname="Assignment.OpenCartTest" name="orderConfirmationTest" time="0.001">
    <skipped/>
  </testcase> <!-- orderConfirmationTest -->
  <testcase classname="Assignment.OpenCartTest" name="logoutTest" time="0.0">
    <skipped/>
  </testcase> <!-- logoutTest -->
</testsuite> <!-- Test -->
