<?xml version="1.0" encoding="UTF-8"?>
<testng-results ignored="0" total="3" passed="3" failed="0" skipped="0">
  <reporter-output>
  </reporter-output>
  <suite started-at="2026-06-09T19:30:48 IST" name="Default suite" finished-at="2026-06-09T19:30:57 IST" duration-ms="9433">
    <groups>
    </groups>
    <test started-at="2026-06-09T19:30:48 IST" name="Default test" finished-at="2026-06-09T19:30:57 IST" duration-ms="9433">
      <class name="tests.SauceDemoTest">
        <test-method is-config="true" signature="setup()[pri:0, instance:tests.SauceDemoTest@1603cd68]" started-at="2026-06-09T19:30:48 IST" name="setup" finished-at="2026-06-09T19:30:52 IST" duration-ms="3741" status="PASS">
          <reporter-output>
          </reporter-output>
        </test-method> <!-- setup -->
        <test-method signature="validLoginTest()[pri:1, instance:tests.SauceDemoTest@1603cd68]" started-at="2026-06-09T19:30:52 IST" name="validLoginTest" finished-at="2026-06-09T19:30:52 IST" duration-ms="380" status="PASS">
          <reporter-output>
          </reporter-output>
        </test-method> <!-- validLoginTest -->
        <test-method is-config="true" signature="tearDown()[pri:0, instance:tests.SauceDemoTest@1603cd68]" started-at="2026-06-09T19:30:52 IST" name="tearDown" finished-at="2026-06-09T19:30:52 IST" duration-ms="94" status="PASS">
          <reporter-output>
          </reporter-output>
        </test-method> <!-- tearDown -->
        <test-method is-config="true" signature="setup()[pri:0, instance:tests.SauceDemoTest@1603cd68]" started-at="2026-06-09T19:30:52 IST" name="setup" finished-at="2026-06-09T19:30:55 IST" duration-ms="2315" status="PASS">
          <reporter-output>
          </reporter-output>
        </test-method> <!-- setup -->
        <test-method signature="addProductToCartTest()[pri:2, instance:tests.SauceDemoTest@1603cd68]" started-at="2026-06-09T19:30:55 IST" name="addProductToCartTest" finished-at="2026-06-09T19:30:55 IST" duration-ms="336" status="PASS">
          <reporter-output>
          </reporter-output>
        </test-method> <!-- addProductToCartTest -->
        <test-method is-config="true" signature="tearDown()[pri:0, instance:tests.SauceDemoTest@1603cd68]" started-at="2026-06-09T19:30:55 IST" name="tearDown" finished-at="2026-06-09T19:30:55 IST" duration-ms="86" status="PASS">
          <reporter-output>
          </reporter-output>
        </test-method> <!-- tearDown -->
        <test-method is-config="true" signature="setup()[pri:0, instance:tests.SauceDemoTest@1603cd68]" started-at="2026-06-09T19:30:55 IST" name="setup" finished-at="2026-06-09T19:30:57 IST" duration-ms="1847" status="PASS">
          <reporter-output>
          </reporter-output>
        </test-method> <!-- setup -->
        <test-method signature="completeCheckoutTest()[pri:3, instance:tests.SauceDemoTest@1603cd68]" started-at="2026-06-09T19:30:57 IST" name="completeCheckoutTest" finished-at="2026-06-09T19:30:57 IST" duration-ms="525" status="PASS">
          <reporter-output>
          </reporter-output>
        </test-method> <!-- completeCheckoutTest -->
        <test-method is-config="true" signature="tearDown()[pri:0, instance:tests.SauceDemoTest@1603cd68]" started-at="2026-06-09T19:30:57 IST" name="tearDown" finished-at="2026-06-09T19:30:57 IST" duration-ms="88" status="PASS">
          <reporter-output>
          </reporter-output>
        </test-method> <!-- tearDown -->
      </class> <!-- tests.SauceDemoTest -->
    </test> <!-- Default test -->
  </suite> <!-- Default suite -->
</testng-results>
