<?xml version="1.0" encoding="UTF-8"?>
<testng-results ignored="0" total="3" passed="3" failed="0" skipped="0">
  <reporter-output>
  </reporter-output>
  <suite started-at="2026-06-09T19:11:42 IST" name="Default suite" finished-at="2026-06-09T19:11:53 IST" duration-ms="11222">
    <groups>
    </groups>
    <test started-at="2026-06-09T19:11:42 IST" name="Default test" finished-at="2026-06-09T19:11:53 IST" duration-ms="11222">
      <class name="tests.SauceDemoTest">
        <test-method is-config="true" signature="setup()[pri:0, instance:tests.SauceDemoTest@a4add54]" started-at="2026-06-09T19:11:42 IST" name="setup" finished-at="2026-06-09T19:11:45 IST" duration-ms="2894" status="PASS">
          <reporter-output>
          </reporter-output>
        </test-method> <!-- setup -->
        <test-method signature="validLoginTest()[pri:1, instance:tests.SauceDemoTest@a4add54]" started-at="2026-06-09T19:11:45 IST" name="validLoginTest" finished-at="2026-06-09T19:11:45 IST" duration-ms="302" status="PASS">
          <reporter-output>
          </reporter-output>
        </test-method> <!-- validLoginTest -->
        <test-method is-config="true" signature="tearDown()[pri:0, instance:tests.SauceDemoTest@a4add54]" started-at="2026-06-09T19:11:45 IST" name="tearDown" finished-at="2026-06-09T19:11:46 IST" duration-ms="95" status="PASS">
          <reporter-output>
          </reporter-output>
        </test-method> <!-- tearDown -->
        <test-method is-config="true" signature="setup()[pri:0, instance:tests.SauceDemoTest@a4add54]" started-at="2026-06-09T19:11:46 IST" name="setup" finished-at="2026-06-09T19:11:49 IST" duration-ms="3844" status="PASS">
          <reporter-output>
          </reporter-output>
        </test-method> <!-- setup -->
        <test-method signature="addProductToCartTest()[pri:2, instance:tests.SauceDemoTest@a4add54]" started-at="2026-06-09T19:11:49 IST" name="addProductToCartTest" finished-at="2026-06-09T19:11:50 IST" duration-ms="326" status="PASS">
          <reporter-output>
          </reporter-output>
        </test-method> <!-- addProductToCartTest -->
        <test-method is-config="true" signature="tearDown()[pri:0, instance:tests.SauceDemoTest@a4add54]" started-at="2026-06-09T19:11:50 IST" name="tearDown" finished-at="2026-06-09T19:11:50 IST" duration-ms="83" status="PASS">
          <reporter-output>
          </reporter-output>
        </test-method> <!-- tearDown -->
        <test-method is-config="true" signature="setup()[pri:0, instance:tests.SauceDemoTest@a4add54]" started-at="2026-06-09T19:11:50 IST" name="setup" finished-at="2026-06-09T19:11:51 IST" duration-ms="1293" status="PASS">
          <reporter-output>
          </reporter-output>
        </test-method> <!-- setup -->
        <test-method signature="completeCheckoutTest()[pri:3, instance:tests.SauceDemoTest@a4add54]" started-at="2026-06-09T19:11:51 IST" name="completeCheckoutTest" finished-at="2026-06-09T19:11:53 IST" duration-ms="2272" status="PASS">
          <reporter-output>
          </reporter-output>
        </test-method> <!-- completeCheckoutTest -->
        <test-method is-config="true" signature="tearDown()[pri:0, instance:tests.SauceDemoTest@a4add54]" started-at="2026-06-09T19:11:53 IST" name="tearDown" finished-at="2026-06-09T19:11:53 IST" duration-ms="87" status="PASS">
          <reporter-output>
          </reporter-output>
        </test-method> <!-- tearDown -->
      </class> <!-- tests.SauceDemoTest -->
    </test> <!-- Default test -->
  </suite> <!-- Default suite -->
</testng-results>
