<?xml version="1.0" encoding="UTF-8"?>
<testng-results ignored="0" total="5" passed="3" failed="1" skipped="1">
  <reporter-output>
  </reporter-output>
  <suite started-at="2026-06-12T12:02:50 IST" name="Banking Automation Suite" finished-at="2026-06-12T12:03:23 IST" duration-ms="33411">
    <groups>
    </groups>
    <test started-at="2026-06-12T12:02:50 IST" name="Chrome Test" finished-at="2026-06-12T12:03:23 IST" duration-ms="33411">
      <class name="tests.BankingTest">
        <test-method is-config="true" signature="setup(java.lang.String)[pri:0, instance:tests.BankingTest@18bc345]" started-at="2026-06-12T12:02:50 IST" name="setup" finished-at="2026-06-12T12:02:55 IST" duration-ms="5389" status="PASS">
          <params>
            <param index="0">
              <value>
                <![CDATA[chrome]]>
              </value>
            </param>
          </params>
          <reporter-output>
          </reporter-output>
        </test-method> <!-- setup -->
        <test-method signature="validLoginTest()[pri:1, instance:tests.BankingTest@18bc345]" started-at="2026-06-12T12:02:55 IST" name="validLoginTest" finished-at="2026-06-12T12:02:57 IST" duration-ms="1932" status="PASS">
          <reporter-output>
          </reporter-output>
        </test-method> <!-- validLoginTest -->
        <test-method is-config="true" signature="tearDown()[pri:0, instance:tests.BankingTest@18bc345]" started-at="2026-06-12T12:02:57 IST" name="tearDown" finished-at="2026-06-12T12:02:57 IST" duration-ms="98" status="PASS">
          <reporter-output>
          </reporter-output>
        </test-method> <!-- tearDown -->
        <test-method is-config="true" signature="setup(java.lang.String)[pri:0, instance:tests.BankingTest@18bc345]" started-at="2026-06-12T12:02:57 IST" name="setup" finished-at="2026-06-12T12:03:03 IST" duration-ms="5079" status="PASS">
          <params>
            <param index="0">
              <value>
                <![CDATA[chrome]]>
              </value>
            </param>
          </params>
          <reporter-output>
          </reporter-output>
        </test-method> <!-- setup -->
        <test-method signature="addCustomerTest()[pri:2, instance:tests.BankingTest@18bc345]" started-at="2026-06-12T12:03:03 IST" name="addCustomerTest" finished-at="2026-06-12T12:03:09 IST" duration-ms="5961" status="FAIL">
          <exception class="java.lang.AssertionError">
            <message>
              <![CDATA[Customer was not created. Alert: ]]>
            </message>
            <full-stacktrace>
              <![CDATA[java.lang.AssertionError: Customer was not created. Alert: 
at org.testng.Assert.fail(Assert.java:111)
at tests.BankingTest.addCustomerTest(BankingTest.java:62)
at java.base/jdk.internal.reflect.DirectMethodHandleAccessor.invoke(DirectMethodHandleAccessor.java:104)
at java.base/java.lang.reflect.Method.invoke(Method.java:565)
at org.testng.internal.invokers.MethodInvocationHelper.invokeMethod(MethodInvocationHelper.java:141)
at org.testng.internal.invokers.TestInvoker.invokeMethod(TestInvoker.java:686)
at org.testng.internal.invokers.TestInvoker.invokeTestMethod(TestInvoker.java:230)
at org.testng.internal.invokers.MethodRunner.runInSequence(MethodRunner.java:63)
at org.testng.internal.invokers.TestInvoker$MethodInvocationAgent.invoke(TestInvoker.java:992)
at org.testng.internal.invokers.TestInvoker.invokeTestMethods(TestInvoker.java:203)
at org.testng.internal.invokers.TestMethodWorker.invokeTestMethods(TestMethodWorker.java:154)
at org.testng.internal.invokers.TestMethodWorker.run(TestMethodWorker.java:134)
at java.base/java.util.ArrayList.forEach(ArrayList.java:1612)
at org.testng.TestRunner.privateRun(TestRunner.java:739)
at org.testng.TestRunner.run(TestRunner.java:614)
at org.testng.SuiteRunner.runTest(SuiteRunner.java:421)
at org.testng.SuiteRunner.runSequentially(SuiteRunner.java:413)
at org.testng.SuiteRunner.privateRun(SuiteRunner.java:373)
at org.testng.SuiteRunner.run(SuiteRunner.java:312)
at org.testng.SuiteRunnerWorker.runSuite(SuiteRunnerWorker.java:52)
at org.testng.SuiteRunnerWorker.run(SuiteRunnerWorker.java:95)
at org.testng.TestNG.runSuitesSequentially(TestNG.java:1274)
at org.testng.TestNG.runSuitesLocally(TestNG.java:1208)
at org.testng.TestNG.runSuites(TestNG.java:1112)
at org.testng.TestNG.run(TestNG.java:1079)
at org.testng.remote.AbstractRemoteTestNG.run(AbstractRemoteTestNG.java:115)
at org.testng.remote.RemoteTestNG.initAndRun(RemoteTestNG.java:293)
at org.testng.remote.RemoteTestNG.main(RemoteTestNG.java:91)
]]>
            </full-stacktrace>
          </exception> <!-- java.lang.AssertionError -->
          <reporter-output>
          </reporter-output>
        </test-method> <!-- addCustomerTest -->
        <test-method is-config="true" signature="tearDown()[pri:0, instance:tests.BankingTest@18bc345]" started-at="2026-06-12T12:03:09 IST" name="tearDown" finished-at="2026-06-12T12:03:09 IST" duration-ms="89" status="PASS">
          <reporter-output>
          </reporter-output>
        </test-method> <!-- tearDown -->
        <test-method signature="createAccountTest()[pri:3, instance:tests.BankingTest@18bc345]" started-at="2026-06-12T12:03:09 IST" name="createAccountTest" finished-at="2026-06-12T12:03:09 IST" depends-on-methods="tests.BankingTest.addCustomerTest" duration-ms="0" status="SKIP">
          <exception class="java.lang.Throwable">
            <message>
              <![CDATA[Method tests.BankingTest.createAccountTest() on instance tests.BankingTest@18bc345 depends on not successfully finished methods 
[tests.BankingTest.addCustomerTest() on instance tests.BankingTest@18bc345]]]>
            </message>
            <full-stacktrace>
              <![CDATA[java.lang.Throwable: Method tests.BankingTest.createAccountTest() on instance tests.BankingTest@18bc345 depends on not successfully finished methods 
[tests.BankingTest.addCustomerTest() on instance tests.BankingTest@18bc345]
at org.testng.internal.invokers.TestInvoker.invokeTestMethods(TestInvoker.java:159)
at org.testng.internal.invokers.TestMethodWorker.invokeTestMethods(TestMethodWorker.java:154)
at org.testng.internal.invokers.TestMethodWorker.run(TestMethodWorker.java:134)
at java.base/java.util.ArrayList.forEach(ArrayList.java:1612)
at org.testng.TestRunner.privateRun(TestRunner.java:739)
at org.testng.TestRunner.run(TestRunner.java:614)
at org.testng.SuiteRunner.runTest(SuiteRunner.java:421)
at org.testng.SuiteRunner.runSequentially(SuiteRunner.java:413)
at org.testng.SuiteRunner.privateRun(SuiteRunner.java:373)
at org.testng.SuiteRunner.run(SuiteRunner.java:312)
at org.testng.SuiteRunnerWorker.runSuite(SuiteRunnerWorker.java:52)
at org.testng.SuiteRunnerWorker.run(SuiteRunnerWorker.java:95)
at org.testng.TestNG.runSuitesSequentially(TestNG.java:1274)
at org.testng.TestNG.runSuitesLocally(TestNG.java:1208)
at org.testng.TestNG.runSuites(TestNG.java:1112)
at org.testng.TestNG.run(TestNG.java:1079)
at org.testng.remote.AbstractRemoteTestNG.run(AbstractRemoteTestNG.java:115)
at org.testng.remote.RemoteTestNG.initAndRun(RemoteTestNG.java:293)
at org.testng.remote.RemoteTestNG.main(RemoteTestNG.java:91)
]]>
            </full-stacktrace>
          </exception> <!-- java.lang.Throwable -->
          <reporter-output>
          </reporter-output>
        </test-method> <!-- createAccountTest -->
        <test-method is-config="true" signature="setup(java.lang.String)[pri:0, instance:tests.BankingTest@18bc345]" started-at="2026-06-12T12:03:09 IST" name="setup" finished-at="2026-06-12T12:03:13 IST" duration-ms="4655" status="PASS">
          <params>
            <param index="0">
              <value>
                <![CDATA[chrome]]>
              </value>
            </param>
          </params>
          <reporter-output>
          </reporter-output>
        </test-method> <!-- setup -->
        <test-method signature="invalidLoginTest()[pri:4, instance:tests.BankingTest@18bc345]" started-at="2026-06-12T12:03:13 IST" name="invalidLoginTest" finished-at="2026-06-12T12:03:15 IST" duration-ms="1239" status="PASS">
          <reporter-output>
          </reporter-output>
        </test-method> <!-- invalidLoginTest -->
        <test-method is-config="true" signature="tearDown()[pri:0, instance:tests.BankingTest@18bc345]" started-at="2026-06-12T12:03:15 IST" name="tearDown" finished-at="2026-06-12T12:03:15 IST" duration-ms="89" status="PASS">
          <reporter-output>
          </reporter-output>
        </test-method> <!-- tearDown -->
        <test-method is-config="true" signature="setup(java.lang.String)[pri:0, instance:tests.BankingTest@18bc345]" started-at="2026-06-12T12:03:15 IST" name="setup" finished-at="2026-06-12T12:03:17 IST" duration-ms="2164" status="PASS">
          <params>
            <param index="0">
              <value>
                <![CDATA[chrome]]>
              </value>
            </param>
          </params>
          <reporter-output>
          </reporter-output>
        </test-method> <!-- setup -->
        <test-method signature="invalidCustomerIdCreateAccountTest()[pri:5, instance:tests.BankingTest@18bc345]" started-at="2026-06-12T12:03:17 IST" name="invalidCustomerIdCreateAccountTest" finished-at="2026-06-12T12:03:23 IST" duration-ms="6436" status="PASS">
          <reporter-output>
          </reporter-output>
        </test-method> <!-- invalidCustomerIdCreateAccountTest -->
        <test-method is-config="true" signature="tearDown()[pri:0, instance:tests.BankingTest@18bc345]" started-at="2026-06-12T12:03:23 IST" name="tearDown" finished-at="2026-06-12T12:03:23 IST" duration-ms="93" status="PASS">
          <reporter-output>
          </reporter-output>
        </test-method> <!-- tearDown -->
        <test-method is-config="true" signature="flushReport()[pri:0, instance:tests.BankingTest@18bc345]" started-at="2026-06-12T12:03:24 IST" name="flushReport" finished-at="2026-06-12T12:03:24 IST" duration-ms="6" status="PASS">
          <reporter-output>
          </reporter-output>
        </test-method> <!-- flushReport -->
      </class> <!-- tests.BankingTest -->
    </test> <!-- Chrome Test -->
  </suite> <!-- Banking Automation Suite -->
</testng-results>
