<?xml version="1.0" encoding="UTF-8"?>
<!-- Generated by org.testng.reporters.JUnitReportReporter -->
<testsuite hostname="Pankajs-MacBook-Air-2.local" failures="0" tests="3" name="Testing_practice.CrossBrowserTest" time="19.974" errors="0" timestamp="2026-05-21T16:36:47 IST" skipped="0">
  <testcase classname="Testing_practice.CrossBrowserTest" name="chrome" time="2.744"/>
  <testcase classname="Testing_practice.CrossBrowserTest" name="safari" time="12.945"/>
  <testcase classname="Testing_practice.CrossBrowserTest" name="brave" time="4.285"/>
</testsuite> <!-- Testing_practice.CrossBrowserTest -->
