<?xml version="1.0" encoding="UTF-8"?>
<!-- Generated by org.testng.reporters.JUnitReportReporter -->
<testsuite hostname="Pankajs-MacBook-Air-2.local" failures="0" tests="6" name="Testing_practice.Assignment25" time="59.907" errors="0" timestamp="2026-05-21T18:12:30 IST" skipped="0">
  <testcase classname="Testing_practice.Assignment25" name="loginTest" time="9.093"/>
  <testcase classname="Testing_practice.Assignment25" name="loginTest" time="9.954"/>
  <testcase classname="Testing_practice.Assignment25" name="loginTest" time="9.964"/>
  <testcase classname="Testing_practice.Assignment25" name="loginTest" time="9.526"/>
  <testcase classname="Testing_practice.Assignment25" name="loginTest" time="10.996"/>
  <testcase classname="Testing_practice.Assignment25" name="loginTest" time="10.374"/>
</testsuite> <!-- Testing_practice.Assignment25 -->
