<?xml version="1.0" encoding="UTF-8"?>
<!-- Generated by org.testng.reporters.JUnitReportReporter -->
<testsuite hostname="Pankajs-MacBook-Air-2.local" failures="0" tests="17" name="Testing_practice.EbayTest" time="127.976" errors="1" timestamp="2026-05-23T00:00:08 IST" skipped="4">
  <testcase classname="Testing_practice.EbayTest" name="registrationTest" time="35.600"/>
  <testcase classname="Testing_practice.EbayTest" name="loginTest" time="43.151"/>
  <testcase classname="Testing_practice.EbayTest" name="searchProductTest" time="6.232"/>
  <testcase classname="Testing_practice.EbayTest" name="searchProductTest" time="1.358"/>
  <testcase classname="Testing_practice.EbayTest" name="searchProductTest" time="5.671"/>
  <testcase classname="Testing_practice.EbayTest" name="searchProductTest" time="2.200"/>
  <testcase classname="Testing_practice.EbayTest" name="searchProductTest" time="1.754"/>
  <testcase classname="Testing_practice.EbayTest" name="searchProductTest" time="1.802"/>
  <testcase classname="Testing_practice.EbayTest" name="searchProductTest" time="3.876"/>
  <testcase classname="Testing_practice.EbayTest" name="searchProductTest" time="2.921"/>
  <testcase classname="Testing_practice.EbayTest" name="searchProductTest" time="1.223"/>
  <testcase classname="Testing_practice.EbayTest" name="searchProductTest" time="1.554"/>
  <testcase classname="Testing_practice.EbayTest" name="addToCartTest" time="20.634">
    <error message="Expected condition failed: waiting for element found by By.xpath: (//a[contains(@class,&#039;s-item__link&#039;)])[3] to be clickable, but the element was not found: org.openqa.selenium.NoSuchElementException: no such element: Unable to locate element: {&quot;method&quot;:&quot;xpath&quot;,&quot;selector&quot;:&quot;(//a[contains(@class,&#039;s-item__link&#039;)])[3]&quot;}.
(tried for 20 seconds with 500 milliseconds interval)
Build info: version: &#039;4.44.0&#039;, revision: &#039;da2039b&#039;
System info: os.name: &#039;Mac OS X&#039;, os.arch: &#039;aarch64&#039;, os.version: &#039;15.7.3&#039;, java.version: &#039;21.0.10&#039;
Driver info: org.openqa.selenium.chrome.ChromeDriver
Capabilities {acceptInsecureCerts: false, browserName: chrome, browserVersion: 148.0.7778.179, chrome: {chromedriverVersion: 148.0.7778.178 (d096af1c9e9..., userDataDir: /var/folders/bs/1lrmkqrd5vz...}, fedcm:accounts: true, goog:chromeOptions: {debuggerAddress: localhost:49924}, goog:processID: 24685, networkConnectionEnabled: false, pageLoadStrategy: normal, platformName: mac, proxy: Proxy(), se:cdp: ws://localhost:49924/devtoo..., se:cdpVersion: 148.0.7778.179, setWindowRect: true, strictFileInteractability: false, timeouts: {implicit: 0, pageLoad: 300000, script: 30000}, unhandledPromptBehavior: dismiss and notify, webauthn:extension:credBlob: true, webauthn:extension:largeBlob: true, webauthn:extension:minPinLength: true, webauthn:extension:prf: true, webauthn:virtualAuthenticators: true}
Session ID: 9919120861797cf2135c742294d932ff" type="org.openqa.selenium.TimeoutException">
      <![CDATA[org.openqa.selenium.TimeoutException: Expected condition failed: waiting for element found by By.xpath: (//a[contains(@class,'s-item__link')])[3] to be clickable, but the element was not found: org.openqa.selenium.NoSuchElementException: no such element: Unable to locate element: {"method":"xpath","selector":"(//a[contains(@class,'s-item__link')])[3]"}.
(tried for 20 seconds with 500 milliseconds interval)
Build info: version: '4.44.0', revision: 'da2039b'
System info: os.name: 'Mac OS X', os.arch: 'aarch64', os.version: '15.7.3', java.version: '21.0.10'
Driver info: org.openqa.selenium.chrome.ChromeDriver
Capabilities {acceptInsecureCerts: false, browserName: chrome, browserVersion: 148.0.7778.179, chrome: {chromedriverVersion: 148.0.7778.178 (d096af1c9e9..., userDataDir: /var/folders/bs/1lrmkqrd5vz...}, fedcm:accounts: true, goog:chromeOptions: {debuggerAddress: localhost:49924}, goog:processID: 24685, networkConnectionEnabled: false, pageLoadStrategy: normal, platformName: mac, proxy: Proxy(), se:cdp: ws://localhost:49924/devtoo..., se:cdpVersion: 148.0.7778.179, setWindowRect: true, strictFileInteractability: false, timeouts: {implicit: 0, pageLoad: 300000, script: 30000}, unhandledPromptBehavior: dismiss and notify, webauthn:extension:credBlob: true, webauthn:extension:largeBlob: true, webauthn:extension:minPinLength: true, webauthn:extension:prf: true, webauthn:virtualAuthenticators: true}
Session ID: 9919120861797cf2135c742294d932ff
at org.openqa.selenium.support.ui.WebDriverWait.timeoutException(WebDriverWait.java:85)
at org.openqa.selenium.support.ui.FluentWait.until(FluentWait.java:234)
at Testing_practice.Ebay_POM.addProductToCart(Ebay_POM.java:77)
at Testing_practice.EbayTest.addToCartTest(EbayTest.java:85)
at java.base/jdk.internal.reflect.DirectMethodHandleAccessor.invoke(DirectMethodHandleAccessor.java:103)
at java.base/java.lang.reflect.Method.invoke(Method.java:580)
at org.testng.internal.invokers.MethodInvocationHelper.invokeMethod(MethodInvocationHelper.java:141)
at org.testng.internal.invokers.TestInvoker.invokeMethod(TestInvoker.java:687)
at org.testng.internal.invokers.TestInvoker.invokeTestMethod(TestInvoker.java:230)
at org.testng.internal.invokers.MethodRunner.runInSequence(MethodRunner.java:63)
at org.testng.internal.invokers.TestInvoker$MethodInvocationAgent.invoke(TestInvoker.java:995)
at org.testng.internal.invokers.TestInvoker.invokeTestMethods(TestInvoker.java:203)
at org.testng.internal.invokers.TestMethodWorker.invokeTestMethods(TestMethodWorker.java:154)
at org.testng.internal.invokers.TestMethodWorker.run(TestMethodWorker.java:134)
at java.base/java.util.ArrayList.forEach(ArrayList.java:1596)
at org.testng.TestRunner.privateRun(TestRunner.java:741)
at org.testng.TestRunner.run(TestRunner.java:616)
at org.testng.SuiteRunner.runTest(SuiteRunner.java:421)
at org.testng.SuiteRunner.runSequentially(SuiteRunner.java:413)
at org.testng.SuiteRunner.privateRun(SuiteRunner.java:373)
at org.testng.SuiteRunner.run(SuiteRunner.java:312)
at org.testng.SuiteRunnerWorker.runSuite(SuiteRunnerWorker.java:52)
at org.testng.SuiteRunnerWorker.run(SuiteRunnerWorker.java:95)
at org.testng.TestNG.runSuitesSequentially(TestNG.java:1274)
at org.testng.TestNG.runSuitesLocally(TestNG.java:1208)
at org.testng.TestNG.runSuites(TestNG.java:1112)
at org.testng.TestNG.run(TestNG.java:1079)
at org.testng.remote.AbstractRemoteTestNG.run(AbstractRemoteTestNG.java:115)
at org.testng.remote.RemoteTestNG.initAndRun(RemoteTestNG.java:293)
at org.testng.remote.RemoteTestNG.main(RemoteTestNG.java:91)
]]>
    </error>
  </testcase> <!-- addToCartTest -->
  <testcase classname="Testing_practice.EbayTest" name="removeProductTest" time="0.000">
    <skipped/>
  </testcase> <!-- removeProductTest -->
  <testcase classname="Testing_practice.EbayTest" name="checkoutTest" time="0.000">
    <skipped/>
  </testcase> <!-- checkoutTest -->
  <testcase classname="Testing_practice.EbayTest" name="orderConfirmationTest" time="0.000">
    <skipped/>
  </testcase> <!-- orderConfirmationTest -->
  <testcase classname="Testing_practice.EbayTest" name="logoutTest" time="0.000">
    <skipped/>
  </testcase> <!-- logoutTest -->
</testsuite> <!-- Testing_practice.EbayTest -->
