<?xml version="1.0" encoding="UTF-8"?>
<!-- Generated by org.testng.reporters.JUnitReportReporter -->
<testsuite hostname="Pankajs-MacBook-Air-2.local" failures="0" tests="6" name="Testing_practice.Assignment_1" time="62.820" errors="0" timestamp="2026-05-21T14:20:05 IST" skipped="0">
  <testcase classname="Testing_practice.Assignment_1" name="validateSearch" time="12.683"/>
  <testcase classname="Testing_practice.Assignment_1" name="validateSearch" time="9.444"/>
  <testcase classname="Testing_practice.Assignment_1" name="validateSearch" time="10.451"/>
  <testcase classname="Testing_practice.Assignment_1" name="validateSearch" time="9.903"/>
  <testcase classname="Testing_practice.Assignment_1" name="validateSearch" time="10.113"/>
  <testcase classname="Testing_practice.Assignment_1" name="validateSearch" time="10.226"/>
</testsuite> <!-- Testing_practice.Assignment_1 -->
