<?xml version="1.0" encoding="UTF-8"?>
<!-- Generated by org.testng.reporters.JUnitReportReporter -->
<testsuite hostname="Pankajs-MacBook-Air-2.local" failures="0" tests="4" name="Testing_practice.Excel_Data" time="40.193" errors="0" timestamp="2026-05-22T17:13:03 IST" skipped="0">
  <testcase classname="Testing_practice.Excel_Data" name="loginTest" time="8.196"/>
  <testcase classname="Testing_practice.Excel_Data" name="loginTest" time="11.536"/>
  <testcase classname="Testing_practice.Excel_Data" name="loginTest" time="8.617"/>
  <testcase classname="Testing_practice.Excel_Data" name="loginTest" time="11.844"/>
</testsuite> <!-- Testing_practice.Excel_Data -->
