<?xml version="1.0" encoding="UTF-8"?>
<!-- Generated by org.testng.reporters.JUnitReportReporter -->
<testsuite hostname="Pankajs-MacBook-Air-2.local" failures="0" tests="5" name="Testing_practice.Assignment_2" time="45.556" errors="0" timestamp="2026-05-21T12:45:28 IST" skipped="0">
  <testcase classname="Testing_practice.Assignment_2" name="registerUser" time="8.393"/>
  <testcase classname="Testing_practice.Assignment_2" name="registerUser" time="8.231"/>
  <testcase classname="Testing_practice.Assignment_2" name="registerUser" time="9.571"/>
  <testcase classname="Testing_practice.Assignment_2" name="registerUser" time="8.845"/>
  <testcase classname="Testing_practice.Assignment_2" name="registerUser" time="10.516"/>
</testsuite> <!-- Testing_practice.Assignment_2 -->
