<?xml version="1.0" encoding="UTF-8"?>
<!-- Generated by org.testng.reporters.JUnitReportReporter -->
<testsuite hostname="Pankajs-MacBook-Air-2.local" failures="0" tests="2" name="Testing_practice.Priority_Test" time="0.006" errors="0" timestamp="2026-05-20T17:15:35 IST" skipped="0">
  <testcase classname="Testing_practice.Priority_Test" name="unit1" time="0.005"/>
  <testcase classname="Testing_practice.Priority_Test" name="unit2" time="0.001"/>
</testsuite> <!-- Testing_practice.Priority_Test -->
