<?xml version="1.0" encoding="UTF-8"?>
<!-- Generated by org.testng.reporters.JUnitXMLReporter -->
<testsuite ignored="4" hostname="Pankajs-MacBook-Air-2.local" failures="1" tests="3" name="SmokeTests" time="0.037" errors="0" timestamp="2026-05-21T15:46:58 IST">
  <testcase classname="Testing_practice.Smoke_Regression" name="login" time="0.012">
    <failure type="java.lang.NullPointerException" message="Cannot invoke &amp;quot;org.openqa.selenium.support.ui.WebDriverWait.until(java.util.function.Function)&amp;quot; because &amp;quot;this.wait&amp;quot; is null">
      <![CDATA[java.lang.NullPointerException: Cannot invoke "org.openqa.selenium.support.ui.WebDriverWait.until(java.util.function.Function)" because "this.wait" is null
at Testing_practice.Smoke_Regression.login(Smoke_Regression.java:48)
at java.base/java.util.ArrayList.forEach(ArrayList.java:1596)
... Removed 25 stack frames]]>
    </failure>
  </testcase> <!-- login -->
  <testcase classname="Testing_practice.Smoke_Regression" name="multiple_search" time="0.0">
    <skipped/>
  </testcase> <!-- multiple_search -->
  <testcase classname="Testing_practice.Smoke_Regression" name="add_to_cart" time="0.0">
    <skipped/>
  </testcase> <!-- add_to_cart -->
  <testcase classname="Testing_practice.Smoke_Regression" name="change_Address" time="0.0">
    <ignored/>
  </testcase> <!-- change_Address -->
  <testcase classname="Testing_practice.Smoke_Regression" name="view_product_details" time="0.0">
    <ignored/>
  </testcase> <!-- view_product_details -->
  <testcase classname="Testing_practice.Smoke_Regression" name="Change_name" time="0.0">
    <ignored/>
  </testcase> <!-- Change_name -->
  <testcase classname="Testing_practice.Smoke_Regression" name="removeItem" time="0.0">
    <ignored/>
  </testcase> <!-- removeItem -->
</testsuite> <!-- SmokeTests -->
