<?xml version="1.0" encoding="UTF-8"?>
<!-- Generated by org.testng.reporters.JUnitXMLReporter -->
<testsuite ignored="1" hostname="Pankajs-MacBook-Air-2.local" failures="1" tests="16" name="Smoke Tests" time="132.887" errors="0" timestamp="2026-05-22T23:57:03 IST">
  <testcase classname="Testing_practice.EbayTest" name="registrationTest" time="35.742"/>
  <testcase classname="Testing_practice.EbayTest" name="loginTest" time="42.567"/>
  <testcase classname="Testing_practice.EbayTest" name="searchProductTest" time="3.352"/>
  <testcase classname="Testing_practice.EbayTest" name="searchProductTest" time="4.929"/>
  <testcase classname="Testing_practice.EbayTest" name="searchProductTest" time="1.778"/>
  <testcase classname="Testing_practice.EbayTest" name="searchProductTest" time="4.242"/>
  <testcase classname="Testing_practice.EbayTest" name="searchProductTest" time="1.612"/>
  <testcase classname="Testing_practice.EbayTest" name="searchProductTest" time="2.586"/>
  <testcase classname="Testing_practice.EbayTest" name="searchProductTest" time="3.761"/>
  <testcase classname="Testing_practice.EbayTest" name="searchProductTest" time="4.842"/>
  <testcase classname="Testing_practice.EbayTest" name="searchProductTest" time="1.505"/>
  <testcase classname="Testing_practice.EbayTest" name="searchProductTest" time="2.315"/>
  <testcase classname="Testing_practice.EbayTest" name="addToCartTest" time="20.583">
    <failure type="org.openqa.selenium.TimeoutException" message="Expected condition failed: waiting for element found by By.xpath: (//a[contains(@class,&amp;apos;s-item__link&amp;apos;)])[3] to be clickable, but the element was not found: org.openqa.selenium.NoSuchElementException: no such element: Unable to locate element: {&amp;quot;method&amp;quot;:&amp;quot;xpath&amp;quot;,&amp;quot;selector&amp;quot;:&amp;quot;(//a[contains(@class,&amp;apos;s-item__link&amp;apos;)])[3]&amp;quot;}.
(tried for 20 seconds with 500 milliseconds interval)
Build info: version: &amp;apos;4.44.0&amp;apos;, revision: &amp;apos;da2039b&amp;apos;
System info: os.name: &amp;apos;Mac OS X&amp;apos;, os.arch: &amp;apos;aarch64&amp;apos;, os.version: &amp;apos;15.7.3&amp;apos;, java.version: &amp;apos;21.0.10&amp;apos;
Driver info: org.openqa.selenium.chrome.ChromeDriver
Capabilities {acceptInsecureCerts: false, browserName: chrome, browserVersion: 148.0.7778.179, chrome: {chromedriverVersion: 148.0.7778.178 (d096af1c9e9..., userDataDir: /var/folders/bs/1lrmkqrd5vz...}, fedcm:accounts: true, goog:chromeOptions: {debuggerAddress: localhost:49746}, goog:processID: 24496, networkConnectionEnabled: false, pageLoadStrategy: normal, platformName: mac, proxy: Proxy(), se:cdp: ws://localhost:49746/devtoo..., se:cdpVersion: 148.0.7778.179, setWindowRect: true, strictFileInteractability: false, timeouts: {implicit: 0, pageLoad: 300000, script: 30000}, unhandledPromptBehavior: dismiss and notify, webauthn:extension:credBlob: true, webauthn:extension:largeBlob: true, webauthn:extension:minPinLength: true, webauthn:extension:prf: true, webauthn:virtualAuthenticators: true}
Session ID: b6c1fd1b459fa6eeb2a0da8fe944353e">
      <![CDATA[org.openqa.selenium.TimeoutException: Expected condition failed: waiting for element found by By.xpath: (//a[contains(@class,'s-item__link')])[3] to be clickable, but the element was not found: org.openqa.selenium.NoSuchElementException: no such element: Unable to locate element: {"method":"xpath","selector":"(//a[contains(@class,'s-item__link')])[3]"}.
(tried for 20 seconds with 500 milliseconds interval)
Build info: version: '4.44.0', revision: 'da2039b'
System info: os.name: 'Mac OS X', os.arch: 'aarch64', os.version: '15.7.3', java.version: '21.0.10'
Driver info: org.openqa.selenium.chrome.ChromeDriver
Capabilities {acceptInsecureCerts: false, browserName: chrome, browserVersion: 148.0.7778.179, chrome: {chromedriverVersion: 148.0.7778.178 (d096af1c9e9..., userDataDir: /var/folders/bs/1lrmkqrd5vz...}, fedcm:accounts: true, goog:chromeOptions: {debuggerAddress: localhost:49746}, goog:processID: 24496, networkConnectionEnabled: false, pageLoadStrategy: normal, platformName: mac, proxy: Proxy(), se:cdp: ws://localhost:49746/devtoo..., se:cdpVersion: 148.0.7778.179, setWindowRect: true, strictFileInteractability: false, timeouts: {implicit: 0, pageLoad: 300000, script: 30000}, unhandledPromptBehavior: dismiss and notify, webauthn:extension:credBlob: true, webauthn:extension:largeBlob: true, webauthn:extension:minPinLength: true, webauthn:extension:prf: true, webauthn:virtualAuthenticators: true}
Session ID: b6c1fd1b459fa6eeb2a0da8fe944353e
at org.openqa.selenium.support.ui.WebDriverWait.timeoutException(WebDriverWait.java:85)
at org.openqa.selenium.support.ui.FluentWait.until(FluentWait.java:234)
at Testing_practice.Ebay_POM.addProductToCart(Ebay_POM.java:77)
at Testing_practice.EbayTest.addToCartTest(EbayTest.java:85)
at java.base/java.util.ArrayList.forEach(ArrayList.java:1596)
... Removed 25 stack frames]]>
    </failure>
  </testcase> <!-- addToCartTest -->
  <testcase classname="Testing_practice.EbayTest" name="checkoutTest" time="0.0">
    <skipped/>
  </testcase> <!-- checkoutTest -->
  <testcase classname="Testing_practice.EbayTest" name="orderConfirmationTest" time="0.0">
    <skipped/>
  </testcase> <!-- orderConfirmationTest -->
  <testcase classname="Testing_practice.EbayTest" name="logoutTest" time="0.0">
    <skipped/>
  </testcase> <!-- logoutTest -->
  <testcase classname="Testing_practice.EbayTest" name="removeProductTest" time="0.0">
    <ignored/>
  </testcase> <!-- removeProductTest -->
</testsuite> <!-- Smoke Tests -->
