<?xml version="1.0" encoding="UTF-8"?>
<!-- Generated by org.testng.reporters.JUnitXMLReporter -->
<testsuite ignored="0" hostname="Pankajs-MacBook-Air-2.local" failures="1" tests="5" name="Chrome Test" time="36.638" errors="0" timestamp="2026-06-12T12:33:54 IST">
  <testcase classname="tests.BankingTest" name="validLoginTest" time="3.082"/>
  <testcase classname="tests.BankingTest" name="addCustomerTest" time="6.028">
    <failure type="java.lang.AssertionError" message="Customer was not created. Alert: ">
      <![CDATA[java.lang.AssertionError: Customer was not created. Alert: 
at tests.BankingTest.addCustomerTest(BankingTest.java:62)
at java.base/java.util.ArrayList.forEach(ArrayList.java:1612)
... Removed 26 stack frames]]>
    </failure>
  </testcase> <!-- addCustomerTest -->
  <testcase classname="tests.BankingTest" name="createAccountTest" time="0.0">
    <skipped/>
  </testcase> <!-- createAccountTest -->
  <testcase classname="tests.BankingTest" name="invalidLoginTest" time="4.134"/>
  <testcase classname="tests.BankingTest" name="invalidCustomerIdCreateAccountTest" time="5.762"/>
</testsuite> <!-- Chrome Test -->
