<?xml version="1.0" encoding="UTF-8"?>
<!-- Generated by org.testng.reporters.JUnitXMLReporter -->
<testsuite ignored="0" hostname="Pankajs-MacBook-Air-2.local" failures="1" tests="4" name="Test" time="28.258" errors="0" timestamp="2026-06-12T13:56:40 IST">
  <testcase classname="test.ParabankTest2" name="completeBankingFlowTest" time="2.889"/>
  <testcase classname="test.ParabankTest2" name="completeBankingFlowTest" time="8.409"/>
  <testcase classname="test.ParabankTest2" name="completeBankingFlowTest" time="4.244"/>
  <testcase classname="test.ParabankTest2" name="invalidLoginTest" time="0.176">
    <failure type="java.lang.AssertionError" message="Invalid login validation failed expected [true] but found [false]">
      <![CDATA[java.lang.AssertionError: Invalid login validation failed expected [true] but found [false]
at test.ParabankTest2.invalidLoginTest(ParabankTest2.java:80)
at java.base/java.util.ArrayList.forEach(ArrayList.java:1612)
... Removed 28 stack frames]]>
    </failure>
  </testcase> <!-- invalidLoginTest -->
</testsuite> <!-- Test -->
